Arguments: 
  C:\Program Files\nodejs\node.exe C:\Users\benje\.node\corepack\yarn\1.22.19\bin\yarn.js add react-curreny-formatter

PATH: 
  C:\Python310\Scripts\;C:\Python310\;C:\Windows\system32;C:\Windows;C:\Windows\System32\Wbem;C:\Windows\System32\WindowsPowerShell\v1.0\;C:\Windows\System32\OpenSSH\;C:\Program Files\Git\cmd;C:\ProgramData\chocolatey\bin;C:\Program Files\nodejs\;C:\Users\benje\AppData\Local\Microsoft\WindowsApps;;C:\Users\benje\AppData\Local\Programs\Microsoft VS Code\bin;C:\Users\benje\AppData\Roaming\npm

Yarn version: 
  1.22.19

Node version: 
  16.17.1

Platform: 
  win32 x64

Trace: 
  Error: https://registry.yarnpkg.com/react-curreny-formatter: Not found
      at Request.params.callback [as _callback] (C:\Users\benje\.node\corepack\yarn\1.22.19\lib\cli.js:66145:18)
      at Request.self.callback (C:\Users\benje\.node\corepack\yarn\1.22.19\lib\cli.js:140890:22)
      at Request.emit (node:events:513:28)
      at Request.<anonymous> (C:\Users\benje\.node\corepack\yarn\1.22.19\lib\cli.js:141862:10)
      at Request.emit (node:events:513:28)
      at IncomingMessage.<anonymous> (C:\Users\benje\.node\corepack\yarn\1.22.19\lib\cli.js:141784:12)
      at Object.onceWrapper (node:events:627:28)
      at IncomingMessage.emit (node:events:525:35)
      at endReadableNT (node:internal/streams/readable:1358:12)
      at processTicksAndRejections (node:internal/process/task_queues:83:21)

npm manifest: 
  {
    "name": "delivero-clone",
    "version": "1.0.0",
    "main": "node_modules/expo/AppEntry.js",
    "scripts": {
      "start": "expo start",
      "android": "expo start --android",
      "ios": "expo start --ios",
      "web": "expo start --web"
    },
    "dependencies": {
      "@expo/webpack-config": "^0.17.2",
      "@react-navigation/native": "^6.0.14",
      "@react-navigation/native-stack": "^6.9.2",
      "@sanity/client": "^3.4.1",
      "@sanity/image-url": "^1.0.1",
      "expo": "~47.0.6",
      "expo-status-bar": "~1.4.2",
      "nativewind": "^2.0.11",
      "react": "18.1.0",
      "react-currency-format": "^1.1.0",
      "react-dom": "18.1.0",
      "react-native": "0.70.5",
      "react-native-heroicons": "^3.2.0",
      "react-native-safe-area-context": "4.4.1",
      "react-native-screens": "~3.18.0",
      "react-native-svg": "13.4.0",
      "react-native-web": "~0.18.9"
    },
    "devDependencies": {
      "@babel/core": "^7.12.9",
      "tailwindcss": "^3.2.4"
    },
    "private": true
  }

yarn manifest: 
  No manifest

Lockfile: 
  No lockfile
